<?xml version="1.0" encoding="UTF-8"?>
<!-- Generated by org.testng.reporters.JUnitXMLReporter -->
<testsuite hostname="DESKTOP-4D77NGR" failures="0" tests="4" name="Test" time="355.786" errors="0" timestamp="12 Jun 2021 11:19:18 GMT">
  <testcase classname="com.moneycontrol.testcase.testcasesTest" name="getstockdetail" time="40.64"/>
  <testcase classname="com.moneycontrol.testcase.testcasesTest" name="getstockdetails" time="60.038"/>
  <testcase classname="com.moneycontrol.testcase.testcasesTest" name="getstockdetails" time="44.294"/>
  <testcase classname="com.moneycontrol.testcase.testcasesTest" name="getstockdetail" time="40.675"/>
</testsuite> <!-- Test -->
