<?xml version="1.0" encoding="UTF-8"?>
<testng-results total="2" passed="2" failed="0" skipped="0">
  <reporter-output>
  </reporter-output>
  <suite started-at="2021-06-06T09:15:51Z" name="Default suite" finished-at="2021-06-06T09:19:36Z" duration-ms="224968">
    <groups>
    </groups>
    <test started-at="2021-06-06T09:15:51Z" name="Default test" finished-at="2021-06-06T09:19:36Z" duration-ms="224968">
      <class name="com.moneycontrol.testcase.testcasesTest">
        <test-method is-config="true" signature="beforesuite()[pri:0, instance:com.moneycontrol.testcase.testcasesTest@14fa86ae]" started-at="2021-06-06T14:45:49Z" name="beforesuite" finished-at="2021-06-06T14:45:51Z" duration-ms="1392" status="PASS">
          <reporter-output>
          </reporter-output>
        </test-method> <!-- beforesuite -->
        <test-method is-config="true" signature="BrowserLaunch()[pri:0, instance:com.moneycontrol.testcase.testcasesTest@14fa86ae]" started-at="2021-06-06T14:45:52Z" name="BrowserLaunch" finished-at="2021-06-06T14:47:26Z" duration-ms="93930" status="PASS">
          <reporter-output>
          </reporter-output>
        </test-method> <!-- BrowserLaunch -->
        <test-method signature="getstockdetails(java.lang.String)[pri:0, instance:com.moneycontrol.testcase.testcasesTest@14fa86ae]" started-at="2021-06-06T14:47:26Z" name="getstockdetails" data-provider="getData" finished-at="2021-06-06T14:48:11Z" duration-ms="44177" status="PASS">
          <params>
            <param index="0">
              <value>
                <![CDATA[Vedanta]]>
              </value>
            </param>
          </params>
          <reporter-output>
          </reporter-output>
        </test-method> <!-- getstockdetails -->
        <test-method is-config="true" signature="CloseBrowser()[pri:0, instance:com.moneycontrol.testcase.testcasesTest@14fa86ae]" started-at="2021-06-06T14:48:11Z" name="CloseBrowser" finished-at="2021-06-06T14:48:15Z" duration-ms="4098" status="PASS">
          <reporter-output>
          </reporter-output>
        </test-method> <!-- CloseBrowser -->
        <test-method is-config="true" signature="BrowserLaunch()[pri:0, instance:com.moneycontrol.testcase.testcasesTest@14fa86ae]" started-at="2021-06-06T14:48:15Z" name="BrowserLaunch" finished-at="2021-06-06T14:49:30Z" duration-ms="75739" status="PASS">
          <reporter-output>
          </reporter-output>
        </test-method> <!-- BrowserLaunch -->
        <test-method signature="getstockdetails(java.lang.String)[pri:0, instance:com.moneycontrol.testcase.testcasesTest@14fa86ae]" started-at="2021-06-06T14:49:30Z" name="getstockdetails" data-provider="getData" finished-at="2021-06-06T14:49:35Z" duration-ms="4145" status="PASS">
          <params>
            <param index="0">
              <value>
                <![CDATA[Tata Motors]]>
              </value>
            </param>
          </params>
          <reporter-output>
          </reporter-output>
        </test-method> <!-- getstockdetails -->
        <test-method is-config="true" signature="CloseBrowser()[pri:0, instance:com.moneycontrol.testcase.testcasesTest@14fa86ae]" started-at="2021-06-06T14:49:35Z" name="CloseBrowser" finished-at="2021-06-06T14:49:36Z" duration-ms="1050" status="PASS">
          <reporter-output>
          </reporter-output>
        </test-method> <!-- CloseBrowser -->
      </class> <!-- com.moneycontrol.testcase.testcasesTest -->
    </test> <!-- Default test -->
  </suite> <!-- Default suite -->
</testng-results>
